<?xml version="1.0" encoding="UTF-8"?>
<!-- Generated by org.testng.reporters.JUnitReportReporter -->
<testsuite hostname="DESKTOP-C507970" failures="0" tests="6" name="Com.TestNG.Invocation$Priority" time="0.010" errors="0" timestamp="2024-08-13T12:24:23 IST" skipped="0">
  <testcase classname="Com.TestNG.Invocation$Priority" name="BrowserLaunch" time="0.007"/>
  <system-out/>
  <testcase classname="Com.TestNG.Invocation$Priority" name="LaunchUrl" time="0.001"/>
  <system-out/>
  <testcase classname="Com.TestNG.Invocation$Priority" name="amazonLogin" time="0.000"/>
  <system-out/>
  <testcase classname="Com.TestNG.Invocation$Priority" name="amazonLogin" time="0.001"/>
  <system-out/>
  <testcase classname="Com.TestNG.Invocation$Priority" name="amazonLogin" time="0.001"/>
  <system-out/>
  <testcase classname="Com.TestNG.Invocation$Priority" name="amazonLogin" time="0.000"/>
  <system-out/>
</testsuite> <!-- Com.TestNG.Invocation$Priority -->
