<?xml version="1.0" encoding="UTF-8"?>
<!-- Generated by org.testng.reporters.JUnitReportReporter -->
<testsuite hostname="DESKTOP-C507970" failures="0" tests="3" name="Com.TestNG.DependsonM$Priority" time="0.008" errors="0" timestamp="2024-08-13T12:39:44 IST" skipped="0">
  <testcase classname="Com.TestNG.DependsonM$Priority" name="BrowserLaunch" time="0.006"/>
  <system-out/>
  <testcase classname="Com.TestNG.DependsonM$Priority" name="LaunchUrl" time="0.001"/>
  <system-out/>
  <testcase classname="Com.TestNG.DependsonM$Priority" name="amazonLogin" time="0.001"/>
  <system-out/>
</testsuite> <!-- Com.TestNG.DependsonM$Priority -->
