<?xml version="1.0" encoding="UTF-8"?>
<!-- Generated by org.testng.reporters.JUnitReportReporter -->
<testsuite hostname="DESKTOP-C507970" failures="0" tests="3" name="Com.TestNG.Groups$Priority" time="0.012" errors="0" timestamp="2024-08-13T12:59:00 IST" skipped="0">
  <testcase classname="Com.TestNG.Groups$Priority" name="LaunchUrl" time="0.000"/>
  <system-out/>
  <testcase classname="Com.TestNG.Groups$Priority" name="amazonLogin" time="0.001"/>
  <system-out/>
  <testcase classname="Com.TestNG.Groups$Priority" name="BrowserLaunch" time="0.011"/>
  <system-out/>
</testsuite> <!-- Com.TestNG.Groups$Priority -->
